#
# There is insufficient memory for the Java Runtime Environment to continue.
# Native memory allocation (malloc) failed to allocate 32744 bytes for ChunkPool::allocate
# Possible reasons:
#   The system is out of physical RAM or swap space
#   In 32 bit mode, the process size limit was hit
# Possible solutions:
#   Reduce memory load on the system
#   Increase physical memory or swap space
#   Check if swap backing store is full
#   Use 64 bit Java on a 64 bit OS
#   Decrease Java heap size (-Xmx/-Xms)
#   Decrease number of Java threads
#   Decrease Java thread stack sizes (-Xss)
#   Set larger code cache with -XX:ReservedCodeCacheSize=
# This output file may be truncated or incomplete.
#
#  Out of Memory Error (allocation.cpp:273), pid=9388, tid=0x0000000000001568
#
# JRE version: Java(TM) SE Runtime Environment (8.0_131-b11) (build 1.8.0_131-b11)
# Java VM: Java HotSpot(TM) 64-Bit Server VM (25.131-b11 mixed mode windows-amd64 compressed oops)
# Failed to write core dump. Minidumps are not enabled by default on client versions of Windows
#

---------------  T H R E A D  ---------------

Current thread (0x000000001510c800):  JavaThread "C1 CompilerThread1" daemon [_thread_in_native, id=5480, stack(0x0000000016800000,0x0000000016900000)]

Stack: [0x0000000016800000,0x0000000016900000]
[error occurred during error reporting (printing stack bounds), id 0xc0000005]

Native frames: (J=compiled Java code, j=interpreted, Vv=VM code, C=native code)


Current CompileTask:
C1:   1288  148       3       jdk.internal.org.objectweb.asm.Frame::execute (2252 bytes)


---------------  P R O C E S S  ---------------

Java Threads: ( => current thread )
  0x0000000015112800 JavaThread "Service Thread" daemon [_thread_blocked, id=8900, stack(0x0000000016900000,0x0000000016a00000)]
=>0x000000001510c800 JavaThread "C1 CompilerThread1" daemon [_thread_in_native, id=5480, stack(0x0000000016800000,0x0000000016900000)]
  0x00000000150b0000 JavaThread "C2 CompilerThread0" daemon [_thread_blocked, id=9344, stack(0x0000000016700000,0x0000000016800000)]
  0x00000000150a4000 JavaThread "JDWP Command Reader" daemon [_thread_in_native, id=10988, stack(0x0000000016600000,0x0000000016700000)]
  0x00000000150a1000 JavaThread "JDWP Event Helper Thread" daemon [_thread_blocked, id=3948, stack(0x0000000016500000,0x0000000016600000)]
  0x0000000015094000 JavaThread "JDWP Transport Listener: dt_socket" daemon [_thread_blocked, id=8556, stack(0x0000000016400000,0x0000000016500000)]
  0x000000001508a000 JavaThread "Attach Listener" daemon [_thread_blocked, id=7872, stack(0x0000000015fc0000,0x00000000160c0000)]
  0x0000000015086800 JavaThread "Signal Dispatcher" daemon [_thread_blocked, id=10868, stack(0x0000000015ec0000,0x0000000015fc0000)]
  0x0000000015078800 JavaThread "Finalizer" daemon [_thread_blocked, id=6272, stack(0x0000000015cd0000,0x0000000015dd0000)]
  0x0000000002c6d800 JavaThread "Reference Handler" daemon [_thread_blocked, id=6472, stack(0x0000000015bd0000,0x0000000015cd0000)]
  0x0000000002b82800 JavaThread "main" [_thread_in_vm, id=5456, stack(0x00000000029f0000,0x0000000002af0000)]

Other Threads:
  0x0000000015056000 VMThread [stack: 0x0000000015ad0000,0x0000000015bd0000] [id=6276]
  0x0000000015116000 WatcherThread [stack: 0x0000000016a00000,0x0000000016b00000] [id=5928]

VM state:not at safepoint (normal execution)

VM Mutex/Monitor currently owned by a thread: None

Heap:
 PSYoungGen      total 18944K, used 1966K [0x00000000eaf80000, 0x00000000ec480000, 0x0000000100000000)
  eden space 16384K, 12% used [0x00000000eaf80000,0x00000000eb16ba48,0x00000000ebf80000)
  from space 2560K, 0% used [0x00000000ec200000,0x00000000ec200000,0x00000000ec480000)
  to   space 2560K, 0% used [0x00000000ebf80000,0x00000000ebf80000,0x00000000ec200000)
 ParOldGen       total 44032K, used 0K [0x00000000c0e00000, 0x00000000c3900000, 0x00000000eaf80000)
  object space 44032K, 0% used [0x00000000c0e00000,0x00000000c0e00000,0x00000000c3900000)
 Metaspace       used 4022K, capacity 4632K, committed 4864K, reserved 1056768K
  class space    used 437K, capacity 493K, committed 512K, reserved 1048576K

Card table byte_map: [0x0000000012040000,0x0000000012240000] byte_map_base: 0x0000000011a39000

Marking Bits: (ParMarkBitMap*) 0x000000005d63c720
 Begin Bits: [0x00000000125a0000, 0x0000000013568000)
 End Bits:   [0x0000000013568000, 0x0000000014530000)

Polling page: 0x00000000010a0000

CodeCache: size=245760Kb used=1310Kb max_used=1310Kb free=244449Kb
 bounds [0x0000000002c80000, 0x0000000002ef0000, 0x0000000011c80000]
 total_blobs=402 nmethods=149 adapters=175
 compilation: enabled

Compilation events (10 events):
Event: 1.255 Thread 0x000000001510c800 nmethod 142 0x0000000002dc67d0 code [0x0000000002dc6920, 0x0000000002dc6a30]
Event: 1.257 Thread 0x000000001510c800  144       1       java.lang.invoke.LambdaForm$Name::access$000 (5 bytes)
Event: 1.257 Thread 0x000000001510c800 nmethod 144 0x0000000002dc6c10 code [0x0000000002dc6d60, 0x0000000002dc6e50]
Event: 1.257 Thread 0x000000001510c800  145       1       java.lang.invoke.LambdaForm$BasicType::basicTypeChar (5 bytes)
Event: 1.257 Thread 0x000000001510c800 nmethod 145 0x0000000002dc6ed0 code [0x0000000002dc7020, 0x0000000002dc7130]
Event: 1.257 Thread 0x000000001510c800  146       1       java.lang.invoke.LambdaForm$BasicType::access$100 (5 bytes)
Event: 1.257 Thread 0x000000001510c800 nmethod 146 0x0000000002dc7190 code [0x0000000002dc72e0, 0x0000000002dc73d0]
Event: 1.258 Thread 0x000000001510c800  147       1       java.lang.invoke.LambdaForm$BasicType::basicTypeClass (5 bytes)
Event: 1.258 Thread 0x000000001510c800 nmethod 147 0x0000000002dc7450 code [0x0000000002dc75a0, 0x0000000002dc76b0]
Event: 1.258 Thread 0x000000001510c800  148       3       jdk.internal.org.objectweb.asm.Frame::execute (2252 bytes)

GC Heap History (0 events):
No events

Deoptimization events (0 events):
No events

Internal exceptions (7 events):
Event: 0.164 Thread 0x0000000002b82800 Exception <a 'java/lang/NoSuchMethodError': Method sun.misc.Unsafe.defineClass(Ljava/lang/String;[BII)Ljava/lang/Class; name or signature does not match> (0x00000000eaf87ca8) thrown at [C:\re\workspace\8-2-build-windows-amd64-cygwin\jdk8u131\8869\hotspot\
Event: 0.164 Thread 0x0000000002b82800 Exception <a 'java/lang/NoSuchMethodError': Method sun.misc.Unsafe.prefetchRead(Ljava/lang/Object;J)V name or signature does not match> (0x00000000eaf87f90) thrown at [C:\re\workspace\8-2-build-windows-amd64-cygwin\jdk8u131\8869\hotspot\src\share\vm\prims
Event: 1.016 Thread 0x0000000002b82800 Exception <a 'java/security/PrivilegedActionException'> (0x00000000eb00c380) thrown at [C:\re\workspace\8-2-build-windows-amd64-cygwin\jdk8u131\8869\hotspot\src\share\vm\prims\jvm.cpp, line 1390]
Event: 1.016 Thread 0x0000000002b82800 Exception <a 'java/security/PrivilegedActionException'> (0x00000000eb00c590) thrown at [C:\re\workspace\8-2-build-windows-amd64-cygwin\jdk8u131\8869\hotspot\src\share\vm\prims\jvm.cpp, line 1390]
Event: 1.037 Thread 0x0000000002b82800 Exception <a 'java/security/PrivilegedActionException'> (0x00000000eb0104a0) thrown at [C:\re\workspace\8-2-build-windows-amd64-cygwin\jdk8u131\8869\hotspot\src\share\vm\prims\jvm.cpp, line 1390]
Event: 1.037 Thread 0x0000000002b82800 Exception <a 'java/security/PrivilegedActionException'> (0x00000000eb0106b0) thrown at [C:\re\workspace\8-2-build-windows-amd64-cygwin\jdk8u131\8869\hotspot\src\share\vm\prims\jvm.cpp, line 1390]
Event: 1.054 Thread 0x0000000002b82800 Exception <a 'java/io/FileNotFoundException'> (0x00000000eb012cc8) thrown at [C:\re\workspace\8-2-build-windows-amd64-cygwin\jdk8u131\8869\hotspot\src\share\vm\prims\jni.cpp, line 709]

Events (10 events):
Event: 1.193 loading class java/lang/invoke/MethodHandleImpl$AsVarargsCollector
Event: 1.193 loading class java/lang/invoke/DelegatingMethodHandle
Event: 1.193 loading class java/lang/invoke/DelegatingMethodHandle done
Event: 1.193 loading class java/lang/invoke/MethodHandleImpl$AsVarargsCollector done
Event: 1.195 loading class java/lang/invoke/WrongMethodTypeException
Event: 1.195 loading class java/lang/invoke/WrongMethodTypeException done
Event: 1.221 loading class java/lang/invoke/MethodHandleImpl$Lazy
Event: 1.221 loading class java/lang/invoke/MethodHandleImpl$Lazy done
Event: 1.221 loading class java/lang/invoke/MethodHandleImpl$IntrinsicMethodHandle
Event: 1.222 loading class java/lang/invoke/MethodHandleImpl$IntrinsicMethodHandle done


Dynamic libraries:
0x00007ff79baa0000 - 0x00007ff79bad7000 	C:\Program Files\Java\jdk1.8.0_131\bin\javaw.exe
0x00007ffbe3f00000 - 0x00007ffbe40db000 	C:\Windows\SYSTEM32\ntdll.dll
0x00007ffbe3d00000 - 0x00007ffbe3dae000 	C:\Windows\System32\KERNEL32.DLL
0x00007ffbe0760000 - 0x00007ffbe09a9000 	C:\Windows\System32\KERNELBASE.dll
0x00007ffbe3ba0000 - 0x00007ffbe3c41000 	C:\Windows\System32\ADVAPI32.dll
0x00007ffbe3140000 - 0x00007ffbe31dd000 	C:\Windows\System32\msvcrt.dll
0x00007ffbe39a0000 - 0x00007ffbe39f9000 	C:\Windows\System32\sechost.dll
0x00007ffbe28b0000 - 0x00007ffbe29d5000 	C:\Windows\System32\RPCRT4.dll
0x00007ffbe3db0000 - 0x00007ffbe3efa000 	C:\Windows\System32\USER32.dll
0x00007ffbe1440000 - 0x00007ffbe145e000 	C:\Windows\System32\win32u.dll
0x00007ffbe31e0000 - 0x00007ffbe3207000 	C:\Windows\System32\GDI32.dll
0x00007ffbe11b0000 - 0x00007ffbe1337000 	C:\Windows\System32\gdi32full.dll
0x00007ffbe09b0000 - 0x00007ffbe0a4a000 	C:\Windows\System32\msvcp_win.dll
0x00007ffbe1340000 - 0x00007ffbe1436000 	C:\Windows\System32\ucrtbase.dll
0x00007ffbd5680000 - 0x00007ffbd58e7000 	C:\Windows\WinSxS\amd64_microsoft.windows.common-controls_6595b64144ccf1df_6.0.15063.483_none_26002d27e7c744a2\COMCTL32.dll
0x00007ffbe3230000 - 0x00007ffbe3529000 	C:\Windows\System32\combase.dll
0x00007ffbe06f0000 - 0x00007ffbe075a000 	C:\Windows\System32\bcryptPrimitives.dll
0x00007ffbe2fb0000 - 0x00007ffbe2fdd000 	C:\Windows\System32\IMM32.DLL
0x000000005cb70000 - 0x000000005cc42000 	C:\Program Files\Java\jdk1.8.0_131\jre\bin\msvcr100.dll
0x000000005ce20000 - 0x000000005d6bc000 	C:\Program Files\Java\jdk1.8.0_131\jre\bin\server\jvm.dll
0x00007ffbe3a60000 - 0x00007ffbe3a68000 	C:\Windows\System32\PSAPI.DLL
0x00007ffbce740000 - 0x00007ffbce749000 	C:\Windows\SYSTEM32\WSOCK32.dll
0x00007ffbe3b30000 - 0x00007ffbe3b9c000 	C:\Windows\System32\WS2_32.dll
0x00007ffbde940000 - 0x00007ffbde963000 	C:\Windows\SYSTEM32\WINMM.dll
0x00007ffbd8360000 - 0x00007ffbd836a000 	C:\Windows\SYSTEM32\VERSION.dll
0x00007ffbde8e0000 - 0x00007ffbde90b000 	C:\Windows\SYSTEM32\WINMMBASE.dll
0x00007ffbe0420000 - 0x00007ffbe0469000 	C:\Windows\System32\cfgmgr32.dll
0x000000005cd30000 - 0x000000005cd3f000 	C:\Program Files\Java\jdk1.8.0_131\jre\bin\verify.dll
0x000000005cd00000 - 0x000000005cd29000 	C:\Program Files\Java\jdk1.8.0_131\jre\bin\java.dll
0x000000005c8f0000 - 0x000000005c925000 	C:\Program Files\Java\jdk1.8.0_131\jre\bin\jdwp.dll
0x000000005c8e0000 - 0x000000005c8e8000 	C:\Program Files\Java\jdk1.8.0_131\jre\bin\npt.dll
0x000000005cce0000 - 0x000000005ccf6000 	C:\Program Files\Java\jdk1.8.0_131\jre\bin\zip.dll
0x00007ffbe1460000 - 0x00007ffbe2896000 	C:\Windows\System32\SHELL32.dll
0x00007ffbe3c50000 - 0x00007ffbe3cfa000 	C:\Windows\System32\shcore.dll
0x00007ffbe0a50000 - 0x00007ffbe1141000 	C:\Windows\System32\windows.storage.dll
0x00007ffbe37a0000 - 0x00007ffbe37f1000 	C:\Windows\System32\shlwapi.dll
0x00007ffbe0390000 - 0x00007ffbe03a1000 	C:\Windows\System32\kernel.appcore.dll
0x00007ffbe03d0000 - 0x00007ffbe041c000 	C:\Windows\System32\powrprof.dll
0x00007ffbe03b0000 - 0x00007ffbe03c5000 	C:\Windows\System32\profapi.dll
0x000000005c8d0000 - 0x000000005c8d9000 	C:\Program Files\Java\jdk1.8.0_131\jre\bin\dt_socket.dll
0x00007ffbc3b90000 - 0x00007ffbc3ba6000 	C:\Windows\system32\napinsp.dll
0x00007ffbc3b70000 - 0x00007ffbc3b8a000 	C:\Windows\system32\pnrpnsp.dll
0x00007ffbdd270000 - 0x00007ffbdd288000 	C:\Windows\system32\NLAapi.dll
0x00007ffbdfc20000 - 0x00007ffbdfc7c000 	C:\Windows\System32\mswsock.dll
0x00007ffbdfa00000 - 0x00007ffbdfaa4000 	C:\Windows\SYSTEM32\DNSAPI.dll
0x00007ffbe28a0000 - 0x00007ffbe28a8000 	C:\Windows\System32\NSI.dll
0x00007ffbdf9c0000 - 0x00007ffbdf9f7000 	C:\Windows\SYSTEM32\IPHLPAPI.DLL
0x00007ffbd4710000 - 0x00007ffbd471e000 	C:\Windows\System32\winrnr.dll
0x00007ffbcc060000 - 0x00007ffbcc075000 	C:\Windows\System32\wshbth.dll
0x00007ffbd3050000 - 0x00007ffbd30bb000 	C:\Windows\System32\fwpuclnt.dll
0x00007ffbe01a0000 - 0x00007ffbe01c5000 	C:\Windows\SYSTEM32\bcrypt.dll
0x00007ffbd07d0000 - 0x00007ffbd07da000 	C:\Windows\System32\rasadhlp.dll
0x000000005c9d0000 - 0x000000005cb68000 	C:\Program Files\Java\jdk1.8.0_131\jre\bin\awt.dll
0x00007ffbe3a70000 - 0x00007ffbe3b30000 	C:\Windows\System32\OLEAUT32.dll
0x00007ffbdea20000 - 0x00007ffbdea9e000 	C:\Windows\SYSTEM32\apphelp.dll

VM Arguments:
jvm_args: -agentlib:jdwp=transport=dt_socket,suspend=y,address=localhost:57560 -Dfile.encoding=Cp1252 
java_command: CalcUI.CMain
java_class_path (initial): E:\ORT_1708\Java\CalcWB\bin;C:\Users\Kurkulya\.p2\pool\plugins\org.junit_4.12.0.v201504281640\junit.jar;C:\Users\Kurkulya\.p2\pool\plugins\org.hamcrest.core_1.3.0.v201303031735.jar;C:\Users\Kurkulya\Downloads\jar_files\assertj-core-3.3.0.jar;C:\Users\Kurkulya\Downloads\jar_files\assertj-swing-3.2.0.jar;C:\Users\Kurkulya\Downloads\jar_files\fest-util-1.2.5.jar;C:\Users\Kurkulya\Desktop\commons-logging-1.2.jar;C:\Users\Kurkulya\Desktop\httpclient-4.3.3.jar;C:\Users\Kurkulya\Desktop\httpcore-4.4.8.jar
Launcher Type: SUN_STANDARD

Environment Variables:
JAVA_HOME=C:\Program Files (x86)\Java\jdk1.8.0_131
PATH=C:\Program Files\Java\jdk1.8.0_131\jre\bin;C:/Program Files/Java/jdk1.8.0_131/jre/bin/server;C:/Program Files/Java/jdk1.8.0_131/jre/bin;C:/Program Files/Java/jdk1.8.0_131/jre/lib/amd64;C:\Windows\system32;C:\Windows;C:\Windows\System32\Wbem;C:\Windows\System32\WindowsPowerShell\v1.0\;C:\Program Files (x86)\ATI Technologies\ATI.ACE\Core-Static;C:\Program Files\Microsoft SQL Server\130\Tools\Binn\;C:\Program Files (x86)\Skype\Phone\;C:\Program Files\MATLAB\R2016a\runtime\win64;C:\Program Files\MATLAB\R2016a\bin;C:\Users\Kurkulya\Desktop\PHP;E:\Composer;E:\PHP;C:\Program Files\dotnet\;C:\Program Files (x86)\dotnet\;C:\Program Files (x86)\IronRuby 1.1\bin;C:\Users\Kurkulya\Desktop\apache-maven-3.5.2\bin;C:\Program Files\nodejs\;C:\Program Files\Git\cmd;C:\Windows\Microsoft.NET\Framework\v4.0.30319;C:\RailsInstaller\Git\cmd;C:\RailsInstaller\Ruby2.3.3\bin;C:\Users\Kurkulya\AppData\Local\Microsoft\WindowsApps;C:\Users\Kurkulya\AppData\Roaming\Composer\vendor\bin;E:\PHP;C:\Users\Kurkulya\Desktop\apache-maven-3.5.2\bin;C:\Users\Kurkulya\AppData\Local\GitHubDesktop\bin;C:\Users\Kurkulya\AppData\Roaming\npm;C:\Program Files\Heroku\bin;C:\Windows\Microsoft.NET\Framework\v4.0.30319;;C:\Windows\system32;
USERNAME=Kurkulya
OS=Windows_NT
PROCESSOR_IDENTIFIER=Intel64 Family 6 Model 42 Stepping 7, GenuineIntel



---------------  S Y S T E M  ---------------

OS: Windows 10.0 , 64 bit Build 15063 (10.0.15063.296)

CPU:total 2 (initial active 2) (2 cores per cpu, 1 threads per core) family 6 model 42 stepping 7, cmov, cx8, fxsr, mmx, sse, sse2, sse3, ssse3, sse4.1, sse4.2, popcnt, clmul, tsc, tscinvbit

Memory: 4k page, physical 4136812k(406576k free), swap 6233964k(4392k free)

vm_info: Java HotSpot(TM) 64-Bit Server VM (25.131-b11) for windows-amd64 JRE (1.8.0_131-b11), built on Mar 15 2017 01:23:53 by "java_re" with MS VC++ 10.0 (VS2010)

time: Sun Nov 05 23:32:09 2017
elapsed time: 1 seconds (0d 0h 0m 1s)

